Your global Angular CLI version (12.0.1) is greater than your local version (9.1.0). The local Angular CLI version is used.

To disable this warning use "ng config -g cli.warnings.versionMismatch false".
WARNING: This is a simple server for use in testing or debugging Angular applications
locally. It hasn't been reviewed for security issues.

Binding this server to an open connection can result in compromising your application or
computer. Using a different host than the one passed to the "--host" flag might result in
websocket connection issues. You might need to use "--disableHostCheck" if that's the
case.
WARNING: Running a server with --disable-host-check is a security risk. See https://medium.com/webpack/webpack-dev-server-middleware-security-issues-1489d950874a for more information.
(node:50849) [DEP0131] DeprecationWarning: The legacy HTTP parser is deprecated.

chunk {common} common.js, common.js.map (common) 12.4 kB  [rendered]
chunk {default~modules-an-application-branch-an-application-branch-routing-module~modules-an-application-ro~17b7c398} default~modules-an-application-branch-an-application-branch-routing-module~modules-an-application-ro~17b7c398.js, default~modules-an-application-branch-an-application-branch-routing-module~modules-an-application-ro~17b7c398.js.map (default~modules-an-application-branch-an-application-branch-routing-module~modules-an-application-ro~17b7c398) 1.65 MB  [rendered]
chunk {default~modules-an-application-branch-an-application-branch-routing-module~modules-an-application-ro~5e3c8f04} default~modules-an-application-branch-an-application-branch-routing-module~modules-an-application-ro~5e3c8f04.js, default~modules-an-application-branch-an-application-branch-routing-module~modules-an-application-ro~5e3c8f04.js.map (default~modules-an-application-branch-an-application-branch-routing-module~modules-an-application-ro~5e3c8f04) 1.32 MB  [rendered]
chunk {default~modules-charts-charts-routing-module~modules-dashboard-dashboard-routing-module} default~modules-charts-charts-routing-module~modules-dashboard-dashboard-routing-module.js, default~modules-charts-charts-routing-module~modules-dashboard-dashboard-routing-module.js.map (default~modules-charts-charts-routing-module~modules-dashboard-dashboard-routing-module) 33.9 kB  [rendered]
chunk {default~modules-dashboard-dashboard-routing-module~modules-tables-tables-routing-module} default~modules-dashboard-dashboard-routing-module~modules-tables-tables-routing-module.js, default~modules-dashboard-dashboard-routing-module~modules-tables-tables-routing-module.js.map (default~modules-dashboard-dashboard-routing-module~modules-tables-tables-routing-module) 40.6 kB  [rendered]
chunk {main} main.js, main.js.map (main) 46.2 kB [initial] [rendered]
chunk {modules-an-application-branch-an-application-branch-routing-module} modules-an-application-branch-an-application-branch-routing-module.js, modules-an-application-branch-an-application-branch-routing-module.js.map (modules-an-application-branch-an-application-branch-routing-module) 36.7 kB  [rendered]
chunk {modules-an-application-roles-an-application-roles-routing-module} modules-an-application-roles-an-application-roles-routing-module.js, modules-an-application-roles-an-application-roles-routing-module.js.map (modules-an-application-roles-an-application-roles-routing-module) 37.4 kB  [rendered]
chunk {modules-an-application-users-an-application-users-routing-module} modules-an-application-users-an-application-users-routing-module.js, modules-an-application-users-an-application-users-routing-module.js.map (modules-an-application-users-an-application-users-routing-module) 47.3 kB  [rendered]
chunk {modules-an-asetantarkantor-an-asetantarkantor-routing-module} modules-an-asetantarkantor-an-asetantarkantor-routing-module.js, modules-an-asetantarkantor-an-asetantarkantor-routing-module.js.map (modules-an-asetantarkantor-an-asetantarkantor-routing-module) 43 kB  [rendered]
chunk {modules-an-asetlainnya-an-asetlainnya-routing-module} modules-an-asetlainnya-an-asetlainnya-routing-module.js, modules-an-asetlainnya-an-asetlainnya-routing-module.js.map (modules-an-asetlainnya-an-asetlainnya-routing-module) 42 kB  [rendered]
chunk {modules-an-atb-an-atb-routing-module} modules-an-atb-an-atb-routing-module.js, modules-an-atb-an-atb-routing-module.js.map (modules-an-atb-an-atb-routing-module) 44.7 kB  [rendered]
chunk {modules-an-ati-an-ati-routing-module} modules-an-ati-an-ati-routing-module.js, modules-an-ati-an-ati-routing-module.js.map (modules-an-ati-an-ati-routing-module) 45 kB  [rendered]
chunk {modules-an-atm-an-atm-routing-module} modules-an-atm-an-atm-routing-module.js, modules-an-atm-an-atm-routing-module.js.map (modules-an-atm-an-atm-routing-module) 38.7 kB  [rendered]
chunk {modules-an-cabangpelapor-an-cabangpelapor-routing-module} modules-an-cabangpelapor-an-cabangpelapor-routing-module.js, modules-an-cabangpelapor-an-cabangpelapor-routing-module.js.map (modules-an-cabangpelapor-an-cabangpelapor-routing-module) 41.8 kB  [rendered]
chunk {modules-an-cifdikecualikan-an-cifdikecualikan-routing-module} modules-an-cifdikecualikan-an-cifdikecualikan-routing-module.js, modules-an-cifdikecualikan-an-cifdikecualikan-routing-module.js.map (modules-an-cifdikecualikan-an-cifdikecualikan-routing-module) 39 kB  [rendered]
chunk {modules-an-golpemilik-an-golpemilik-routing-module} modules-an-golpemilik-an-golpemilik-routing-module.js, modules-an-golpemilik-an-golpemilik-routing-module.js.map (modules-an-golpemilik-an-golpemilik-routing-module) 34.7 kB  [rendered]
chunk {modules-an-hapusbuku-an-hapusbuku-routing-module} modules-an-hapusbuku-an-hapusbuku-routing-module.js, modules-an-hapusbuku-an-hapusbuku-routing-module.js.map (modules-an-hapusbuku-an-hapusbuku-routing-module) 38.1 kB  [rendered]
chunk {modules-an-infra-apmk-an-infra-apmk-routing-module} modules-an-infra-apmk-an-infra-apmk-routing-module.js, modules-an-infra-apmk-an-infra-apmk-routing-module.js.map (modules-an-infra-apmk-an-infra-apmk-routing-module) 36 kB  [rendered]
chunk {modules-an-kasvalas-an-kasvalas-routing-module} modules-an-kasvalas-an-kasvalas-routing-module.js, modules-an-kasvalas-an-kasvalas-routing-module.js.map (modules-an-kasvalas-an-kasvalas-routing-module) 37.9 kB  [rendered]
chunk {modules-an-kodeagunan-an-kodeagunan-routing-module} modules-an-kodeagunan-an-kodeagunan-routing-module.js, modules-an-kodeagunan-an-kodeagunan-routing-module.js.map (modules-an-kodeagunan-an-kodeagunan-routing-module) 52.4 kB  [rendered]
chunk {modules-an-kodetransaksi-an-kodetransaksi-routing-module} modules-an-kodetransaksi-an-kodetransaksi-routing-module.js, modules-an-kodetransaksi-an-kodetransaksi-routing-module.js.map (modules-an-kodetransaksi-an-kodetransaksi-routing-module) 36.1 kB  [rendered]
chunk {modules-an-kurs-an-kurs-routing-module} modules-an-kurs-an-kurs-routing-module.js, modules-an-kurs-an-kurs-routing-module.js.map (modules-an-kurs-an-kurs-routing-module) 38 kB  [rendered]
chunk {modules-an-liabantarkantor-an-liabantarkantor-routing-module} modules-an-liabantarkantor-an-liabantarkantor-routing-module.js, modules-an-liabantarkantor-an-liabantarkantor-routing-module.js.map (modules-an-liabantarkantor-an-liabantarkantor-routing-module) 43.6 kB  [rendered]
chunk {modules-an-liablainnya-an-liablainnya-routing-module} modules-an-liablainnya-an-liablainnya-routing-module.js, modules-an-liablainnya-an-liablainnya-routing-module.js.map (modules-an-liablainnya-an-liablainnya-routing-module) 42.7 kB  [rendered]
chunk {modules-an-lps-an-lps-routing-module} modules-an-lps-an-lps-routing-module.js, modules-an-lps-an-lps-routing-module.js.map (modules-an-lps-an-lps-routing-module) 35.9 kB  [rendered]
chunk {modules-an-mapping-ncd-an-mapping-ncd-routing-module} modules-an-mapping-ncd-an-mapping-ncd-routing-module.js, modules-an-mapping-ncd-an-mapping-ncd-routing-module.js.map (modules-an-mapping-ncd-an-mapping-ncd-routing-module) 36.8 kB  [rendered]
chunk {modules-an-mdr-an-mdr-routing-module} modules-an-mdr-an-mdr-routing-module.js, modules-an-mdr-an-mdr-routing-module.js.map (modules-an-mdr-an-mdr-routing-module) 35.7 kB  [rendered]
chunk {modules-an-menu-an-menu-routing-module} modules-an-menu-an-menu-routing-module.js, modules-an-menu-an-menu-routing-module.js.map (modules-an-menu-an-menu-routing-module) 34.3 kB  [rendered]
chunk {modules-an-no-agunan-an-no-agunan-routing-module} modules-an-no-agunan-an-no-agunan-routing-module.js, modules-an-no-agunan-an-no-agunan-routing-module.js.map (modules-an-no-agunan-an-no-agunan-routing-module) 40.2 kB  [rendered]
chunk {modules-an-pbi-an-pbi-routing-module} modules-an-pbi-an-pbi-routing-module.js, modules-an-pbi-an-pbi-routing-module.js.map (modules-an-pbi-an-pbi-routing-module) 47.4 kB  [rendered]
chunk {modules-an-pbl-an-pbl-routing-module} modules-an-pbl-an-pbl-routing-module.js, modules-an-pbl-an-pbl-routing-module.js.map (modules-an-pbl-an-pbl-routing-module) 48.4 kB  [rendered]
chunk {modules-an-pihakterkait-an-pihakterkait-routing-module} modules-an-pihakterkait-an-pihakterkait-routing-module.js, modules-an-pihakterkait-an-pihakterkait-routing-module.js.map (modules-an-pihakterkait-an-pihakterkait-routing-module) 39.5 kB  [rendered]
chunk {modules-an-privileges-an-privileges-routing-module} modules-an-privileges-an-privileges-routing-module.js, modules-an-privileges-an-privileges-routing-module.js.map (modules-an-privileges-an-privileges-routing-module) 39.1 kB  [rendered]
chunk {modules-an-proses-manual-an-proses-manual-routing-module} modules-an-proses-manual-an-proses-manual-routing-module.js, modules-an-proses-manual-an-proses-manual-routing-module.js.map (modules-an-proses-manual-an-proses-manual-routing-module) 34.3 kB  [rendered]
chunk {modules-an-proses-umum-an-proses-umum-routing-module} modules-an-proses-umum-an-proses-umum-routing-module.js, modules-an-proses-umum-an-proses-umum-routing-module.js.map (modules-an-proses-umum-an-proses-umum-routing-module) 31.2 kB  [rendered]
chunk {modules-an-ratesbk-an-ratesbk-routing-module} modules-an-ratesbk-an-ratesbk-routing-module.js, modules-an-ratesbk-an-ratesbk-routing-module.js.map (modules-an-ratesbk-an-ratesbk-routing-module) 38.1 kB  [rendered]
chunk {modules-an-ratesbs-an-ratesbs-routing-module} modules-an-ratesbs-an-ratesbs-routing-module.js, modules-an-ratesbs-an-ratesbs-routing-module.js.map (modules-an-ratesbs-an-ratesbs-routing-module) 38.9 kB  [rendered]
chunk {modules-an-refantasena-an-refantasena-routing-module} modules-an-refantasena-an-refantasena-routing-module.js, modules-an-refantasena-an-refantasena-routing-module.js.map (modules-an-refantasena-an-refantasena-routing-module) 36.8 kB  [rendered]
chunk {modules-an-regeneratelog-an-regeneratelog-routing-module} modules-an-regeneratelog-an-regeneratelog-routing-module.js, modules-an-regeneratelog-an-regeneratelog-routing-module.js.map (modules-an-regeneratelog-an-regeneratelog-routing-module) 35.9 kB  [rendered]
chunk {modules-an-rekdikecualikan-an-rekdikecualikan-routing-module} modules-an-rekdikecualikan-an-rekdikecualikan-routing-module.js, modules-an-rekdikecualikan-an-rekdikecualikan-routing-module.js.map (modules-an-rekdikecualikan-an-rekdikecualikan-routing-module) 36.2 kB  [rendered]
chunk {modules-an-rekslik-an-rekslik-routing-module} modules-an-rekslik-an-rekslik-routing-module.js, modules-an-rekslik-an-rekslik-routing-module.js.map (modules-an-rekslik-an-rekslik-routing-module) 36.5 kB  [rendered]
chunk {modules-an-setoranjaminan-an-setoranjaminan-routing-module} modules-an-setoranjaminan-an-setoranjaminan-routing-module.js, modules-an-setoranjaminan-an-setoranjaminan-routing-module.js.map (modules-an-setoranjaminan-an-setoranjaminan-routing-module) 42.6 kB  [rendered]
chunk {modules-an-slik-agunan-baru-an-slik-agunan-baru-routing-module} modules-an-slik-agunan-baru-an-slik-agunan-baru-routing-module.js, modules-an-slik-agunan-baru-an-slik-agunan-baru-routing-module.js.map (modules-an-slik-agunan-baru-an-slik-agunan-baru-routing-module) 37.5 kB  [rendered]
chunk {modules-an-slik-agunan-lama-an-slik-agunan-lama-routing-module} modules-an-slik-agunan-lama-an-slik-agunan-lama-routing-module.js, modules-an-slik-agunan-lama-an-slik-agunan-lama-routing-module.js.map (modules-an-slik-agunan-lama-an-slik-agunan-lama-routing-module) 37.8 kB  [rendered]
chunk {modules-an-uploadfile-an-uploadfile-routing-module} modules-an-uploadfile-an-uploadfile-routing-module.js, modules-an-uploadfile-an-uploadfile-routing-module.js.map (modules-an-uploadfile-an-uploadfile-routing-module) 35.3 kB  [rendered]
chunk {modules-auth-auth-routing-module} modules-auth-auth-routing-module.js, modules-auth-auth-routing-module.js.map (modules-auth-auth-routing-module) 35.1 kB  [rendered]
chunk {modules-charts-charts-routing-module} modules-charts-charts-routing-module.js, modules-charts-charts-routing-module.js.map (modules-charts-charts-routing-module) 2.63 kB  [rendered]
chunk {modules-dashboard-dashboard-routing-module} modules-dashboard-dashboard-routing-module.js, modules-dashboard-dashboard-routing-module.js.map (modules-dashboard-dashboard-routing-module) 39.6 kB  [rendered]
chunk {modules-error-error-routing-module} modules-error-error-routing-module.js, modules-error-error-routing-module.js.map (modules-error-error-routing-module) 24.8 kB  [rendered]
chunk {modules-tables-tables-routing-module} modules-tables-tables-routing-module.js, modules-tables-tables-routing-module.js.map (modules-tables-tables-routing-module) 2.63 kB  [rendered]
chunk {modules-utility-utility-routing-module} modules-utility-utility-routing-module.js, modules-utility-utility-routing-module.js.map (modules-utility-utility-routing-module) 16 kB  [rendered]
chunk {polyfills} polyfills.js, polyfills.js.map (polyfills) 268 kB [initial] [rendered]
chunk {runtime} runtime.js, runtime.js.map (runtime) 14.4 kB [entry] [rendered]
chunk {scripts} scripts.js, scripts.js.map (scripts) 1.05 MB [entry] [rendered]
chunk {styles} styles.js, styles.js.map (styles) 9.35 MB [initial] [rendered]
chunk {vendor} vendor.js, vendor.js.map (vendor) 5.23 MB [initial] [rendered]
Date: 2021-05-24T07:30:21.649Z - Hash: 5166ad9b18217e5929fe - Time: 36970ms
** Angular Live Development Server is listening on 0.0.0.0:80, open your browser on http://localhost:80/ **
: Compiled successfully.
